Using pre-set license
Built from '2022.2/staging' branch; Version is '2022.2.7f1 (8331acaee5d3) revision 8597932'; Using compiler version '192829333'; Build Type 'Release'
OS: 'Windows 11  (10.0.22621) 64bit Professional' Language: 'en' Physical Memory: 31992 MB
BatchMode: 1, IsHumanControllingUs: 0, StartBugReporterOnCrash: 0, Is64bit: 1, IsPro: 1

COMMAND LINE ARGUMENTS:
C:\Program Files\Unity\Hub\Editor\2022.2.7f1\Editor\Unity.exe
-adb2
-batchMode
-noUpm
-name
AssetImportWorker0
-projectPath
C:/Users/newjb/OneDrive/Documents/GitHub/GoWiththeFlowStudio
-logFile
Logs/AssetImportWorker0.log
-srvPort
50185
Successfully changed project path to: C:/Users/newjb/OneDrive/Documents/GitHub/GoWiththeFlowStudio
C:/Users/newjb/OneDrive/Documents/GitHub/GoWiththeFlowStudio
[UnityMemory] Configuration Parameters - Can be set up in boot.config
    "memorysetup-bucket-allocator-granularity=16"
    "memorysetup-bucket-allocator-bucket-count=8"
    "memorysetup-bucket-allocator-block-size=33554432"
    "memorysetup-bucket-allocator-block-count=8"
    "memorysetup-main-allocator-block-size=16777216"
    "memorysetup-thread-allocator-block-size=16777216"
    "memorysetup-gfx-main-allocator-block-size=16777216"
    "memorysetup-gfx-thread-allocator-block-size=16777216"
    "memorysetup-cache-allocator-block-size=4194304"
    "memorysetup-typetree-allocator-block-size=2097152"
    "memorysetup-profiler-bucket-allocator-granularity=16"
    "memorysetup-profiler-bucket-allocator-bucket-count=8"
    "memorysetup-profiler-bucket-allocator-block-size=33554432"
    "memorysetup-profiler-bucket-allocator-block-count=8"
    "memorysetup-profiler-allocator-block-size=16777216"
    "memorysetup-profiler-editor-allocator-block-size=1048576"
    "memorysetup-temp-allocator-size-main=16777216"
    "memorysetup-job-temp-allocator-block-size=2097152"
    "memorysetup-job-temp-allocator-block-size-background=1048576"
    "memorysetup-job-temp-allocator-reduction-small-platforms=262144"
    "memorysetup-temp-allocator-size-background-worker=32768"
    "memorysetup-temp-allocator-size-job-worker=262144"
    "memorysetup-temp-allocator-size-preload-manager=33554432"
    "memorysetup-temp-allocator-size-nav-mesh-worker=65536"
    "memorysetup-temp-allocator-size-audio-worker=65536"
    "memorysetup-temp-allocator-size-cloud-worker=32768"
    "memorysetup-temp-allocator-size-gi-baking-worker=262144"
    "memorysetup-temp-allocator-size-gfx=262144"
Player connection [24400] Host "[IP] 172.25.240.1 [Port] 0 [Flags] 2 [Guid] 3951618718 [EditorId] 3951618718 [Version] 1048832 [Id] WindowsEditor(7,newnewbillwoo2) [Debug] 1 [PackageName] WindowsEditor [ProjectName] Editor" joined multi-casting on [225.0.0.222:54997]...

Player connection [24400] Host "[IP] 172.25.240.1 [Port] 0 [Flags] 2 [Guid] 3951618718 [EditorId] 3951618718 [Version] 1048832 [Id] WindowsEditor(7,newnewbillwoo2) [Debug] 1 [PackageName] WindowsEditor [ProjectName] Editor" joined alternative multi-casting on [225.0.0.222:34997]...

Refreshing native plugins compatible for Editor in 18.06 ms, found 4 plugins.
Preloading 0 native plugins for Editor in 0.00 ms.
Initialize engine version: 2022.2.7f1 (8331acaee5d3)
[Subsystems] Discovering subsystems at path C:/Program Files/Unity/Hub/Editor/2022.2.7f1/Editor/Data/Resources/UnitySubsystems
[Subsystems] Discovering subsystems at path C:/Users/newjb/OneDrive/Documents/GitHub/GoWiththeFlowStudio/Assets
GfxDevice: creating device client; threaded=0; jobified=0
Direct3D:
    Version:  Direct3D 11.0 [level 11.1]
    Renderer: NVIDIA GeForce RTX 3080 Laptop GPU (ID=0x249c)
    Vendor:   NVIDIA
    VRAM:     8031 MB
    Driver:   31.0.15.3141
Initialize mono
Mono path[0] = 'C:/Program Files/Unity/Hub/Editor/2022.2.7f1/Editor/Data/Managed'
Mono path[1] = 'C:/Program Files/Unity/Hub/Editor/2022.2.7f1/Editor/Data/MonoBleedingEdge/lib/mono/unityjit-win32'
Mono config path = 'C:/Program Files/Unity/Hub/Editor/2022.2.7f1/Editor/Data/MonoBleedingEdge/etc'
Using monoOptions --debugger-agent=transport=dt_socket,embedding=1,server=y,suspend=n,address=127.0.0.1:56884
Begin MonoManager ReloadAssembly
Registering precompiled unity dll's ...
Register platform support module: C:/Program Files/Unity/Hub/Editor/2022.2.7f1/Editor/Data/PlaybackEngines/WindowsStandaloneSupport/UnityEditor.WindowsStandalone.Extensions.dll
Registered in 0.008411 seconds.
- Loaded All Assemblies, in  0.593 seconds
Native extension for WindowsStandalone target not found
Mono: successfully reloaded assembly
- Finished resetting the current domain, in  0.434 seconds
Domain Reload Profiling:
	ReloadAssembly (337ms)
		BeginReloadAssembly (151ms)
			ExecutionOrderSort (0ms)
			DisableScriptedObjects (0ms)
			BackupInstance (0ms)
			ReleaseScriptingObjects (0ms)
			CreateAndSetChildDomain (1ms)
		LoadAllAssembliesAndSetupDomain (0ms)
			LoadAssemblies (148ms)
			RebuildTransferFunctionScriptingTraits (0ms)
			SetupTypeCache (246ms)
				TypeCache.Initialize (244ms)
					TypeCache.ScanAssembly (241ms)
				ResolveRequiredComponents (1ms)
		FinalizeReload (0ms)
			ReleaseScriptCaches (0ms)
			RebuildScriptCaches (0ms)
			SetupLoadedEditorAssemblies (348ms)
				LogAssemblyErrors (0ms)
				InitializePlatformSupportModulesInManaged (11ms)
				SetLoadedEditorAssemblies (9ms)
				RefreshPlugins (0ms)
				BeforeProcessingInitializeOnLoad (1ms)
				ProcessInitializeOnLoadAttributes (244ms)
				ProcessInitializeOnLoadMethodAttributes (82ms)
				AfterProcessingInitializeOnLoad (0ms)
				EditorAssembliesLoaded (0ms)
			ExecutionOrderSort2 (0ms)
			AwakeInstancesAfterBackupRestoration (0ms)
========================================================================
Worker process is ready to serve import requests
Begin MonoManager ReloadAssembly
Symbol file LoadedFromMemory doesn't match image C:\Users\newjb\OneDrive\Documents\GitHub\GoWiththeFlowStudio\Library\PackageCache\com.unity.visualscripting@1.8.0\Editor\VisualScripting.Core\Dependencies\YamlDotNet\Unity.VisualScripting.YamlDotNet.dll
Symbol file LoadedFromMemory doesn't match image C:\Users\newjb\OneDrive\Documents\GitHub\GoWiththeFlowStudio\Library\PackageCache\com.unity.visualscripting@1.8.0\Editor\VisualScripting.Core\Dependencies\DotNetZip\Unity.VisualScripting.IonicZip.dll
- Loaded All Assemblies, in  2.270 seconds
Refreshing native plugins compatible for Editor in 10.92 ms, found 4 plugins.
Native extension for WindowsStandalone target not found
Mono: successfully reloaded assembly
- Finished resetting the current domain, in  1.073 seconds
Domain Reload Profiling:
	ReloadAssembly (381ms)
		BeginReloadAssembly (240ms)
			ExecutionOrderSort (0ms)
			DisableScriptedObjects (10ms)
			BackupInstance (0ms)
			ReleaseScriptingObjects (0ms)
			CreateAndSetChildDomain (59ms)
		LoadAllAssembliesAndSetupDomain (1877ms)
			LoadAssemblies (694ms)
			RebuildTransferFunctionScriptingTraits (0ms)
			SetupTypeCache (1279ms)
				TypeCache.Initialize (538ms)
					TypeCache.ScanAssembly (526ms)
				ResolveRequiredComponents (15ms)
		FinalizeReload (0ms)
			ReleaseScriptCaches (0ms)
			RebuildScriptCaches (0ms)
			SetupLoadedEditorAssemblies (758ms)
				LogAssemblyErrors (0ms)
				InitializePlatformSupportModulesInManaged (9ms)
				SetLoadedEditorAssemblies (9ms)
				RefreshPlugins (0ms)
				BeforeProcessingInitializeOnLoad (127ms)
				ProcessInitializeOnLoadAttributes (484ms)
				ProcessInitializeOnLoadMethodAttributes (121ms)
				AfterProcessingInitializeOnLoad (8ms)
				EditorAssembliesLoaded (0ms)
			ExecutionOrderSort2 (0ms)
			AwakeInstancesAfterBackupRestoration (11ms)
Launched and connected shader compiler UnityShaderCompiler.exe after 0.13 seconds
Refreshing native plugins compatible for Editor in 9.64 ms, found 4 plugins.
Preloading 0 native plugins for Editor in 0.00 ms.
Unloading 5958 Unused Serialized files (Serialized files now loaded: 0)
Unloading 41 unused Assets / (362.8 KB). Loaded Objects now: 6418.
Memory consumption went from 0.90 GB to 0.90 GB.
Total: 11.953300 ms (FindLiveObjects: 1.440500 ms CreateObjectMapping: 0.899300 ms MarkObjects: 9.121200 ms  DeleteObjects: 0.489200 ms)

AssetImportParameters requested are different than current active one (requested -> active):
  custom:container-demuxer-ogg: 62fdf1f143b41e24485cea50d1cbac27 -> 
  custom:video-codec-MediaFoundation-h265: 746d11721c4dcdbdad8f713fa42b33f4 -> 
  custom:video-decoder-ogg-theora: a1e56fd34408186e4bbccfd4996cb3dc -> 
  custom:framework-win-MediaFoundation: 216162199b28c13a410421893ffa2e32 -> 
  custom:container-demuxer-webm: 4f35f7cbe854078d1ac9338744f61a02 -> 
  custom:container-muxer-webm: aa71ff27fc2769a1b78a27578f13a17b -> 
  custom:video-decoder-webm-vp8: 9c59270c3fd7afecdb556c50c9e8de78 -> 
  custom:AudioImporter_EditorPlatform: d09bf68614088b80899f8185d706f6e7 -> 
  custom:video-encoder-webm-vp8: eb34c28f22e8b96e1ab97ce403110664 -> 
  custom:audio-decoder-ogg-vorbis: bf7c407c2cedff20999df2af8eb42d56 -> 
  custom:audio-encoder-webm-vorbis: bf7c407c2cedff20999df2af8eb42d56 -> 
========================================================================
Received Import Request.
  Time since last request: 113724.233500 seconds.
  path: Assets/Free Pack/Walking in ChainMail - Loop.wav
  artifactKey: Guid(9b713c76b05f8b04882a23a60605b0d2) Importer(815301076,1909f56bfc062723c751e8b465ee728b)
Start importing Assets/Free Pack/Walking in ChainMail - Loop.wav using Guid(9b713c76b05f8b04882a23a60605b0d2) Importer(815301076,1909f56bfc062723c751e8b465ee728b)  -> (artifact id: '946ccdeacd876b1714d0fa59b9ba1d48') in 0.176114 seconds 
Number of updated asset objects reloaded before import = 0
Number of asset objects unloaded after import = 2
========================================================================
Received Import Request.
  Time since last request: 0.000041 seconds.
  path: Assets/Free Pack/Magic Spell_Short Reverse_1.wav
  artifactKey: Guid(7f4aa26d5b55226409cda231ffaf869b) Importer(815301076,1909f56bfc062723c751e8b465ee728b)
Start importing Assets/Free Pack/Magic Spell_Short Reverse_1.wav using Guid(7f4aa26d5b55226409cda231ffaf869b) Importer(815301076,1909f56bfc062723c751e8b465ee728b)  -> (artifact id: '1c71cad426b0fdb69a8c5a4ac63d5311') in 0.016510 seconds 
Number of updated asset objects reloaded before import = 0
Number of asset objects unloaded after import = 2
========================================================================
Received Import Request.
  Time since last request: 0.000024 seconds.
  path: Assets/Free Pack/Laser Multiple shots 1.wav
  artifactKey: Guid(c9bb4171cafd3dd47829336ea4c8d988) Importer(815301076,1909f56bfc062723c751e8b465ee728b)
Start importing Assets/Free Pack/Laser Multiple shots 1.wav using Guid(c9bb4171cafd3dd47829336ea4c8d988) Importer(815301076,1909f56bfc062723c751e8b465ee728b)  -> (artifact id: '95f0084fb1265b24cce39235294667f0') in 0.014695 seconds 
Number of updated asset objects reloaded before import = 0
Number of asset objects unloaded after import = 2
========================================================================
Received Import Request.
  Time since last request: 0.000027 seconds.
  path: Assets/UI SFX Free Pack/Assets/Audio/High_Pitched/highpitched_480.wav
  artifactKey: Guid(00deaf9f13e7abf4e8adfba5723819b5) Importer(815301076,1909f56bfc062723c751e8b465ee728b)
Start importing Assets/UI SFX Free Pack/Assets/Audio/High_Pitched/highpitched_480.wav using Guid(00deaf9f13e7abf4e8adfba5723819b5) Importer(815301076,1909f56bfc062723c751e8b465ee728b)  -> (artifact id: '80a3bdc7f4ff665ce5f91fddcf88367e') in 0.012205 seconds 
Number of updated asset objects reloaded before import = 0
Number of asset objects unloaded after import = 2
========================================================================
Received Import Request.
  Time since last request: 0.001347 seconds.
  path: Assets/Free Pack/Hand Gun 3.wav
  artifactKey: Guid(a764377339b869e459f5e53fb9258f73) Importer(815301076,1909f56bfc062723c751e8b465ee728b)
Start importing Assets/Free Pack/Hand Gun 3.wav using Guid(a764377339b869e459f5e53fb9258f73) Importer(815301076,1909f56bfc062723c751e8b465ee728b)  -> (artifact id: 'a0f955138bb1b7df76a9edd0e94984a9') in 0.009853 seconds 
Number of updated asset objects reloaded before import = 0
Number of asset objects unloaded after import = 2
========================================================================
Received Import Request.
  Time since last request: 0.000024 seconds.
  path: Assets/UI SFX Free Pack/Assets/Audio/High_Pitched/highpitched_280.wav
  artifactKey: Guid(13f99790c88d07646b5d098edb06a2b6) Importer(815301076,1909f56bfc062723c751e8b465ee728b)
Start importing Assets/UI SFX Free Pack/Assets/Audio/High_Pitched/highpitched_280.wav using Guid(13f99790c88d07646b5d098edb06a2b6) Importer(815301076,1909f56bfc062723c751e8b465ee728b)  -> (artifact id: 'b59c60ff17edd3479549f1a8c607738d') in 0.010631 seconds 
Number of updated asset objects reloaded before import = 0
Number of asset objects unloaded after import = 2
========================================================================
Received Import Request.
  Time since last request: 0.000120 seconds.
  path: Assets/Free Pack/Heavy Object Impact 10.wav
  artifactKey: Guid(7b69beceabbd8f24e8bc62d77ac7ca1c) Importer(815301076,1909f56bfc062723c751e8b465ee728b)
Start importing Assets/Free Pack/Heavy Object Impact 10.wav using Guid(7b69beceabbd8f24e8bc62d77ac7ca1c) Importer(815301076,1909f56bfc062723c751e8b465ee728b)  -> (artifact id: '7f8844ef741503d2d13b6a63b4b13c61') in 0.014008 seconds 
Number of updated asset objects reloaded before import = 0
Number of asset objects unloaded after import = 2
Editor requested this worker to shutdown with reason: Scaling down because of idle timeout
TcpMessagingSession - receive error: operation aborted. errorcode: 995, details: The I/O operation has been aborted because of either a thread exit or an application request.
AssetImportWorker is now disconnected from the server
Process exiting
Exiting without the bug reporter. Application will terminate with return code 0